Determining if the pthread_create exist failed with the following output:
Change Dir: /code/software/ros_workspace/semantic_planning_msgs/pod-build/CMakeFiles/CMakeTmp

Run Build Command:"/usr/bin/make" "cmTC_964a8/fast"
make[3]: Entering directory '/code/software/ros_workspace/semantic_planning_msgs/pod-build/CMakeFiles/CMakeTmp'
/usr/bin/make -f CMakeFiles/cmTC_964a8.dir/build.make CMakeFiles/cmTC_964a8.dir/build
make[4]: Entering directory '/code/software/ros_workspace/semantic_planning_msgs/pod-build/CMakeFiles/CMakeTmp'
Building C object CMakeFiles/cmTC_964a8.dir/CheckSymbolExists.c.o
/usr/bin/cc     -o CMakeFiles/cmTC_964a8.dir/CheckSymbolExists.c.o   -c /code/software/ros_workspace/semantic_planning_msgs/pod-build/CMakeFiles/CMakeTmp/CheckSymbolExists.c
Linking C executable cmTC_964a8
/usr/bin/cmake -E cmake_link_script CMakeFiles/cmTC_964a8.dir/link.txt --verbose=1
/usr/bin/cc       CMakeFiles/cmTC_964a8.dir/CheckSymbolExists.c.o  -o cmTC_964a8 -rdynamic 
CMakeFiles/cmTC_964a8.dir/CheckSymbolExists.c.o: In function `main':
CheckSymbolExists.c:(.text+0x16): undefined reference to `pthread_create'
collect2: error: ld returned 1 exit status
CMakeFiles/cmTC_964a8.dir/build.make:97: recipe for target 'cmTC_964a8' failed
make[4]: *** [cmTC_964a8] Error 1
make[4]: Leaving directory '/code/software/ros_workspace/semantic_planning_msgs/pod-build/CMakeFiles/CMakeTmp'
Makefile:126: recipe for target 'cmTC_964a8/fast' failed
make[3]: *** [cmTC_964a8/fast] Error 2
make[3]: Leaving directory '/code/software/ros_workspace/semantic_planning_msgs/pod-build/CMakeFiles/CMakeTmp'

File /code/software/ros_workspace/semantic_planning_msgs/pod-build/CMakeFiles/CMakeTmp/CheckSymbolExists.c:
/* */
#include <pthread.h>

int main(int argc, char** argv)
{
  (void)argv;
#ifndef pthread_create
  return ((int*)(&pthread_create))[argc];
#else
  (void)argc;
  return 0;
#endif
}

Determining if the function pthread_create exists in the pthreads failed with the following output:
Change Dir: /code/software/ros_workspace/semantic_planning_msgs/pod-build/CMakeFiles/CMakeTmp

Run Build Command:"/usr/bin/make" "cmTC_58be5/fast"
make[3]: Entering directory '/code/software/ros_workspace/semantic_planning_msgs/pod-build/CMakeFiles/CMakeTmp'
/usr/bin/make -f CMakeFiles/cmTC_58be5.dir/build.make CMakeFiles/cmTC_58be5.dir/build
make[4]: Entering directory '/code/software/ros_workspace/semantic_planning_msgs/pod-build/CMakeFiles/CMakeTmp'
Building C object CMakeFiles/cmTC_58be5.dir/CheckFunctionExists.c.o
/usr/bin/cc    -DCHECK_FUNCTION_EXISTS=pthread_create   -o CMakeFiles/cmTC_58be5.dir/CheckFunctionExists.c.o   -c /usr/share/cmake-3.5/Modules/CheckFunctionExists.c
Linking C executable cmTC_58be5
/usr/bin/cmake -E cmake_link_script CMakeFiles/cmTC_58be5.dir/link.txt --verbose=1
/usr/bin/cc   -DCHECK_FUNCTION_EXISTS=pthread_create    CMakeFiles/cmTC_58be5.dir/CheckFunctionExists.c.o  -o cmTC_58be5 -rdynamic -lpthreads 
/usr/bin/ld: cannot find -lpthreads
collect2: error: ld returned 1 exit status
CMakeFiles/cmTC_58be5.dir/build.make:97: recipe for target 'cmTC_58be5' failed
make[4]: *** [cmTC_58be5] Error 1
make[4]: Leaving directory '/code/software/ros_workspace/semantic_planning_msgs/pod-build/CMakeFiles/CMakeTmp'
Makefile:126: recipe for target 'cmTC_58be5/fast' failed
make[3]: *** [cmTC_58be5/fast] Error 2
make[3]: Leaving directory '/code/software/ros_workspace/semantic_planning_msgs/pod-build/CMakeFiles/CMakeTmp'


